::1 - - [17/Apr/2025:12:00:38 +0000] "POST /upload HTTP/1.1" 200 78 "-" "PostmanRuntime/7.43.3"
::1 - - [17/Apr/2025:12:00:44 +0000] "GET /uploads/1744891238513-undraw_farming_u62j.webp HTTP/1.1" 200 23794 "-" "Mozilla/5.0 (Macintosh; Intel Mac OS X 10_15_7) AppleWebKit/537.36 (KHTML, like Gecko) Chrome/135.0.0.0 Safari/537.36"
::1 - - [17/Apr/2025:12:01:44 +0000] "POST /upload HTTP/1.1" 200 78 "-" "PostmanRuntime/7.43.3"
::1 - - [17/Apr/2025:12:01:44 +0000] "POST /upload HTTP/1.1" 200 78 "-" "PostmanRuntime/7.43.3"
::1 - - [17/Apr/2025:12:01:45 +0000] "POST /upload HTTP/1.1" 200 78 "-" "PostmanRuntime/7.43.3"
::1 - - [17/Apr/2025:12:03:22 +0000] "GET /uploads/1744890239700-undraw_farming_u62j.svg HTTP/1.1" 404 184 "-" "Mozilla/5.0 (Macintosh; Intel Mac OS X 10_15_7) AppleWebKit/537.36 (KHTML, like Gecko) Chrome/135.0.0.0 Safari/537.36"
::1 - - [17/Apr/2025:12:03:25 +0000] "GET / HTTP/1.1" 304 - "-" "Mozilla/5.0 (Macintosh; Intel Mac OS X 10_15_7) AppleWebKit/537.36 (KHTML, like Gecko) Chrome/135.0.0.0 Safari/537.36"
::1 - - [17/Apr/2025:12:04:01 +0000] "GET /hello HTTP/1.1" 404 144 "-" "Mozilla/5.0 (Macintosh; Intel Mac OS X 10_15_7) AppleWebKit/537.36 (KHTML, like Gecko) Chrome/135.0.0.0 Safari/537.36"
::1 - - [24/Apr/2025:18:15:49 +0000] "GET /dashboard?section=Profile HTTP/1.1" 404 148 "-" "Mozilla/5.0 (Macintosh; Intel Mac OS X 10_15_7) AppleWebKit/537.36 (KHTML, like Gecko) Chrome/135.0.0.0 Safari/537.36"
::1 - - [24/Apr/2025:18:15:51 +0000] "GET / HTTP/1.1" 304 - "-" "Mozilla/5.0 (Macintosh; Intel Mac OS X 10_15_7) AppleWebKit/537.36 (KHTML, like Gecko) Chrome/135.0.0.0 Safari/537.36"
::1 - - [24/Apr/2025:18:15:51 +0000] "GET /favicon.ico HTTP/1.1" 404 150 "-" "Mozilla/5.0 (Macintosh; Intel Mac OS X 10_15_7) AppleWebKit/537.36 (KHTML, like Gecko) Chrome/135.0.0.0 Safari/537.36"
::1 - - [24/Apr/2025:18:28:22 +0000] "POST /upload HTTP/1.1" 200 61 "http://localhost:3000/" "Mozilla/5.0 (Macintosh; Intel Mac OS X 10_15_7) AppleWebKit/537.36 (KHTML, like Gecko) Chrome/135.0.0.0 Safari/537.36"
::1 - - [24/Apr/2025:18:29:29 +0000] "POST /upload HTTP/1.1" 200 81 "http://localhost:3000/" "Mozilla/5.0 (Macintosh; Intel Mac OS X 10_15_7) AppleWebKit/537.36 (KHTML, like Gecko) Chrome/135.0.0.0 Safari/537.36"
::1 - - [24/Apr/2025:18:30:29 +0000] "POST /upload HTTP/1.1" 200 61 "http://localhost:3000/" "Mozilla/5.0 (Macintosh; Intel Mac OS X 10_15_7) AppleWebKit/537.36 (KHTML, like Gecko) Chrome/135.0.0.0 Safari/537.36"
::1 - - [24/Apr/2025:18:30:29 +0000] "GET /uploads/1745519429128-bg.webp HTTP/1.1" 200 38270 "http://localhost:3000/" "Mozilla/5.0 (Macintosh; Intel Mac OS X 10_15_7) AppleWebKit/537.36 (KHTML, like Gecko) Chrome/135.0.0.0 Safari/537.36"
::1 - - [24/Apr/2025:18:31:00 +0000] "POST /upload HTTP/1.1" 200 81 "http://localhost:3000/" "Mozilla/5.0 (Macintosh; Intel Mac OS X 10_15_7) AppleWebKit/537.36 (KHTML, like Gecko) Chrome/135.0.0.0 Safari/537.36"
::1 - - [24/Apr/2025:18:31:00 +0000] "GET /uploads/1745519460069-android-chrome-192x192.webp HTTP/1.1" 200 2246 "http://localhost:3000/" "Mozilla/5.0 (Macintosh; Intel Mac OS X 10_15_7) AppleWebKit/537.36 (KHTML, like Gecko) Chrome/135.0.0.0 Safari/537.36"
::1 - - [24/Apr/2025:18:32:07 +0000] "POST /upload HTTP/1.1" 200 81 "http://localhost:3000/" "Mozilla/5.0 (Macintosh; Intel Mac OS X 10_15_7) AppleWebKit/537.36 (KHTML, like Gecko) Chrome/135.0.0.0 Safari/537.36"
::1 - - [24/Apr/2025:18:32:07 +0000] "GET /uploads/1745519527342-android-chrome-192x192.webp HTTP/1.1" 200 2246 "http://localhost:3000/" "Mozilla/5.0 (Macintosh; Intel Mac OS X 10_15_7) AppleWebKit/537.36 (KHTML, like Gecko) Chrome/135.0.0.0 Safari/537.36"
::1 - - [24/Apr/2025:18:32:27 +0000] "GET /uploads/1745519527342-android-chrome-192x192.webp HTTP/1.1" 200 2246 "-" "Mozilla/5.0 (Macintosh; Intel Mac OS X 10_15_7) AppleWebKit/537.36 (KHTML, like Gecko) Chrome/135.0.0.0 Safari/537.36"
::1 - - [24/Apr/2025:18:33:02 +0000] "POST /upload HTTP/1.1" 200 61 "http://localhost:3000/" "Mozilla/5.0 (Macintosh; Intel Mac OS X 10_15_7) AppleWebKit/537.36 (KHTML, like Gecko) Chrome/135.0.0.0 Safari/537.36"
::1 - - [24/Apr/2025:18:33:02 +0000] "GET /uploads/1745519582015-bg.webp HTTP/1.1" 200 38270 "http://localhost:3000/" "Mozilla/5.0 (Macintosh; Intel Mac OS X 10_15_7) AppleWebKit/537.36 (KHTML, like Gecko) Chrome/135.0.0.0 Safari/537.36"
::1 - - [24/Apr/2025:18:33:22 +0000] "GET /uploads/1745519582015-bg.webp HTTP/1.1" 200 38270 "-" "Mozilla/5.0 (Macintosh; Intel Mac OS X 10_15_7) AppleWebKit/537.36 (KHTML, like Gecko) Chrome/135.0.0.0 Safari/537.36"
::1 - - [24/Apr/2025:18:33:25 +0000] "GET /uploads/1745519582015-bg.webp HTTP/1.1" 304 - "-" "Mozilla/5.0 (Macintosh; Intel Mac OS X 10_15_7) AppleWebKit/537.36 (KHTML, like Gecko) Chrome/135.0.0.0 Safari/537.36"
::1 - - [24/Apr/2025:18:33:56 +0000] "POST /upload HTTP/1.1" 200 61 "http://localhost:3000/" "Mozilla/5.0 (Macintosh; Intel Mac OS X 10_15_7) AppleWebKit/537.36 (KHTML, like Gecko) Chrome/135.0.0.0 Safari/537.36"
::1 - - [24/Apr/2025:18:34:48 +0000] "POST /upload HTTP/1.1" 200 61 "http://localhost:3000/" "Mozilla/5.0 (Macintosh; Intel Mac OS X 10_15_7) AppleWebKit/537.36 (KHTML, like Gecko) Chrome/135.0.0.0 Safari/537.36"
::1 - - [24/Apr/2025:18:34:48 +0000] "GET /uploads/1745519688389-bg.webp HTTP/1.1" 200 38270 "-" "node"
::1 - - [24/Apr/2025:18:37:11 +0000] "DELETE /delete/1745519460069-android-chrome-192x192.webp HTTP/1.1" 200 91 "-" "PostmanRuntime/7.43.3"
::1 - - [24/Apr/2025:18:37:28 +0000] "DELETE /delete/1745519460069-android-chrome-192x192.webp HTTP/1.1" 200 91 "-" "PostmanRuntime/7.43.3"
::1 - - [24/Apr/2025:18:38:06 +0000] "DELETE /delete/1745519460069-android HTTP/1.1" 404 26 "-" "PostmanRuntime/7.43.3"
::1 - - [24/Apr/2025:18:38:11 +0000] "DELETE /delete/1745519460069-android-chrome-192x192.webp HTTP/1.1" 200 39 "-" "PostmanRuntime/7.43.3"
::1 - - [24/Apr/2025:18:38:50 +0000] "POST /upload HTTP/1.1" 200 91 "-" "PostmanRuntime/7.43.3"
::1 - - [24/Apr/2025:18:39:06 +0000] "DELETE /delete/1745519930084-undraw_predictive-analytics_6vi1.web HTTP/1.1" 404 26 "-" "PostmanRuntime/7.43.3"
::1 - - [24/Apr/2025:18:39:11 +0000] "DELETE /delete/1745519930084-undraw_predictive-analytics_6vi1.webp HTTP/1.1" 200 39 "-" "PostmanRuntime/7.43.3"
::1 - - [25/Apr/2025:03:53:47 +0000] "POST /upload HTTP/1.1" 200 61 "http://localhost:3000/" "Mozilla/5.0 (Macintosh; Intel Mac OS X 10_15_7) AppleWebKit/537.36 (KHTML, like Gecko) Chrome/135.0.0.0 Safari/537.36"
::1 - - [25/Apr/2025:03:53:47 +0000] "GET /uploads/1745553227625-bg.webp HTTP/1.1" 200 38270 "-" "node"
::1 - - [25/Apr/2025:03:53:50 +0000] "GET /uploads/1745553227625-bg.webp HTTP/1.1" 200 38270 "-" "node"
::1 - - [25/Apr/2025:03:54:51 +0000] "GET /uploads/1745553227625-bg.webp HTTP/1.1" 200 38270 "-" "node"
::1 - - [25/Apr/2025:03:57:19 +0000] "GET /uploads/1745553227625-bg.webp HTTP/1.1" 200 38270 "-" "node"
::1 - - [25/Apr/2025:03:59:08 +0000] "GET /uploads/1745553227625-bg.webp HTTP/1.1" 200 38270 "-" "node"
::1 - - [25/Apr/2025:04:06:23 +0000] "GET /uploads/1745553227625-bg.webp HTTP/1.1" 200 38270 "-" "node"
::1 - - [25/Apr/2025:04:09:54 +0000] "GET /uploads/1745553227625-bg.webp HTTP/1.1" 200 38270 "-" "node"
::1 - - [25/Apr/2025:04:14:54 +0000] "GET /uploads/1745553227625-bg.webp HTTP/1.1" 200 38270 "-" "node"
::1 - - [25/Apr/2025:04:16:14 +0000] "GET /uploads/1745553227625-bg.webp HTTP/1.1" 200 38270 "-" "node"
::1 - - [25/Apr/2025:04:17:24 +0000] "GET /uploads/1745553227625-bg.webp HTTP/1.1" 200 38270 "-" "node"
::1 - - [25/Apr/2025:04:18:34 +0000] "POST /upload HTTP/1.1" 200 77 "http://localhost:3000/" "Mozilla/5.0 (Macintosh; Intel Mac OS X 10_15_7) AppleWebKit/537.36 (KHTML, like Gecko) Chrome/135.0.0.0 Safari/537.36"
::1 - - [25/Apr/2025:04:18:34 +0000] "GET /uploads/1745554714630-0_M4bxiCIjcTK-2Xr6.webp HTTP/1.1" 200 43260 "-" "node"
::1 - - [25/Apr/2025:04:18:36 +0000] "GET /uploads/1745554714630-0_M4bxiCIjcTK-2Xr6.webp HTTP/1.1" 200 43260 "-" "node"
::1 - - [25/Apr/2025:04:18:51 +0000] "GET /uploads/1745553227625-bg.webp HTTP/1.1" 200 38270 "-" "node"
::1 - - [25/Apr/2025:04:19:39 +0000] "GET /uploads/1745554714630-0_M4bxiCIjcTK-2Xr6.webp HTTP/1.1" 200 43260 "-" "node"
::1 - - [25/Apr/2025:04:20:33 +0000] "GET /uploads/1745553227625-bg.webp HTTP/1.1" 200 38270 "-" "node"
::1 - - [25/Apr/2025:04:20:55 +0000] "GET /uploads/1745554714630-0_M4bxiCIjcTK-2Xr6.webp HTTP/1.1" 200 43260 "-" "node"
::1 - - [25/Apr/2025:04:21:39 +0000] "GET /uploads/1745553227625-bg.webp HTTP/1.1" 200 38270 "-" "node"
::1 - - [25/Apr/2025:04:22:02 +0000] "GET /uploads/1745554714630-0_M4bxiCIjcTK-2Xr6.webp HTTP/1.1" 200 43260 "-" "node"
::1 - - [25/Apr/2025:04:22:57 +0000] "GET /uploads/1745553227625-bg.webp HTTP/1.1" 200 38270 "-" "node"
::1 - - [25/Apr/2025:04:23:06 +0000] "GET /uploads/1745554714630-0_M4bxiCIjcTK-2Xr6.webp HTTP/1.1" 200 43260 "-" "node"
::1 - - [25/Apr/2025:05:30:17 +0000] "GET /uploads/1745553227625-bg.webp HTTP/1.1" 200 38270 "-" "node"
::1 - - [25/Apr/2025:05:30:17 +0000] "GET /uploads/1745554714630-0_M4bxiCIjcTK-2Xr6.webp HTTP/1.1" 200 43260 "-" "node"
::1 - - [25/Apr/2025:05:33:01 +0000] "GET /uploads/1745554714630-0_M4bxiCIjcTK-2Xr6.webp HTTP/1.1" 200 43260 "-" "node"
::1 - - [25/Apr/2025:05:33:01 +0000] "GET /uploads/1745553227625-bg.webp HTTP/1.1" 200 38270 "-" "node"
::1 - - [25/Apr/2025:05:35:14 +0000] "GET /uploads/1745554714630-0_M4bxiCIjcTK-2Xr6.webp HTTP/1.1" 200 43260 "-" "node"
::1 - - [25/Apr/2025:05:35:14 +0000] "GET /uploads/1745553227625-bg.webp HTTP/1.1" 200 38270 "-" "node"
::1 - - [25/Apr/2025:05:37:07 +0000] "GET /uploads/1745554714630-0_M4bxiCIjcTK-2Xr6.webp HTTP/1.1" 200 43260 "-" "node"
::1 - - [25/Apr/2025:05:37:07 +0000] "GET /uploads/1745553227625-bg.webp HTTP/1.1" 200 38270 "-" "node"
::1 - - [25/Apr/2025:05:38:19 +0000] "GET /uploads/1745554714630-0_M4bxiCIjcTK-2Xr6.webp HTTP/1.1" 200 43260 "-" "node"
::1 - - [25/Apr/2025:05:38:19 +0000] "GET /uploads/1745553227625-bg.webp HTTP/1.1" 200 38270 "-" "node"
::1 - - [25/Apr/2025:05:41:10 +0000] "GET /uploads/1745553227625-bg.webp HTTP/1.1" 200 38270 "-" "node"
::1 - - [25/Apr/2025:05:41:10 +0000] "GET /uploads/1745554714630-0_M4bxiCIjcTK-2Xr6.webp HTTP/1.1" 200 43260 "-" "node"
::1 - - [25/Apr/2025:16:41:46 +0000] "GET /uploads/1745553227625-bg.webp HTTP/1.1" 200 38270 "-" "node"
::1 - - [25/Apr/2025:16:41:53 +0000] "GET /uploads/1745554714630-0_M4bxiCIjcTK-2Xr6.webp HTTP/1.1" 200 43260 "-" "node"
::1 - - [26/Apr/2025:13:16:42 +0000] "POST /upload HTTP/1.1" 200 61 "http://localhost:3000/" "Mozilla/5.0 (Macintosh; Intel Mac OS X 10_15_7) AppleWebKit/537.36 (KHTML, like Gecko) Chrome/135.0.0.0 Safari/537.36"
::1 - - [26/Apr/2025:13:17:34 +0000] "POST /upload HTTP/1.1" 200 61 "http://localhost:3000/" "Mozilla/5.0 (Macintosh; Intel Mac OS X 10_15_7) AppleWebKit/537.36 (KHTML, like Gecko) Chrome/135.0.0.0 Safari/537.36"
::1 - - [26/Apr/2025:13:17:34 +0000] "GET /uploads/1745673454193-bg.webp HTTP/1.1" 200 38270 "-" "node"
::1 - - [26/Apr/2025:13:18:46 +0000] "POST /upload HTTP/1.1" 200 77 "http://localhost:3000/" "Mozilla/5.0 (Macintosh; Intel Mac OS X 10_15_7) AppleWebKit/537.36 (KHTML, like Gecko) Chrome/135.0.0.0 Safari/537.36"
::1 - - [26/Apr/2025:13:18:46 +0000] "GET /uploads/1745673526558-0_M4bxiCIjcTK-2Xr6.webp HTTP/1.1" 200 43260 "-" "node"
::1 - - [26/Apr/2025:13:21:47 +0000] "GET /uploads/1745673454193-bg.webp HTTP/1.1" 200 38270 "http://localhost:3000/" "Mozilla/5.0 (Macintosh; Intel Mac OS X 10_15_7) AppleWebKit/537.36 (KHTML, like Gecko) Chrome/135.0.0.0 Safari/537.36"
::1 - - [26/Apr/2025:13:22:39 +0000] "GET /uploads/1745673526558-0_M4bxiCIjcTK-2Xr6.webp HTTP/1.1" 200 43260 "-" "Mozilla/5.0 (Macintosh; Intel Mac OS X 10_15_7) AppleWebKit/537.36 (KHTML, like Gecko) Chrome/135.0.0.0 Safari/537.36"
::1 - - [26/Apr/2025:13:22:43 +0000] "GET /uploads/1745673454193-bg.webp HTTP/1.1" 200 38270 "http://localhost:3000/" "Mozilla/5.0 (Macintosh; Intel Mac OS X 10_15_7) AppleWebKit/537.36 (KHTML, like Gecko) Chrome/135.0.0.0 Safari/537.36"
::1 - - [26/Apr/2025:13:23:08 +0000] "GET /uploads/1745673526558-0_M4bxiCIjcTK-2Xr6.webp HTTP/1.1" 200 43260 "-" "node"
::1 - - [26/Apr/2025:13:23:08 +0000] "GET /uploads/1745673454193-bg.webp HTTP/1.1" 200 38270 "-" "node"
::1 - - [26/Apr/2025:13:58:04 +0000] "POST /upload HTTP/1.1" 200 81 "http://localhost:3000/" "Mozilla/5.0 (Macintosh; Intel Mac OS X 10_15_7) AppleWebKit/537.36 (KHTML, like Gecko) Chrome/135.0.0.0 Safari/537.36"
::1 - - [26/Apr/2025:13:58:04 +0000] "GET /uploads/1745675884022-android-chrome-192x192.webp HTTP/1.1" 200 2246 "-" "node"
::1 - - [26/Apr/2025:13:58:15 +0000] "POST /upload HTTP/1.1" 200 77 "http://localhost:3000/" "Mozilla/5.0 (Macintosh; Intel Mac OS X 10_15_7) AppleWebKit/537.36 (KHTML, like Gecko) Chrome/135.0.0.0 Safari/537.36"
::1 - - [26/Apr/2025:13:58:15 +0000] "GET /uploads/1745675895606-0_M4bxiCIjcTK-2Xr6.webp HTTP/1.1" 200 43260 "-" "node"
::1 - - [26/Apr/2025:13:58:20 +0000] "GET /uploads/1745675884022-android-chrome-192x192.webp HTTP/1.1" 200 2246 "http://localhost:3000/" "Mozilla/5.0 (Macintosh; Intel Mac OS X 10_15_7) AppleWebKit/537.36 (KHTML, like Gecko) Chrome/135.0.0.0 Safari/537.36"
::1 - - [26/Apr/2025:13:58:33 +0000] "GET /uploads/1745675884022-android-chrome-192x192.webp HTTP/1.1" 200 2246 "-" "node"
::1 - - [26/Apr/2025:13:58:38 +0000] "GET /uploads/1745675895606-0_M4bxiCIjcTK-2Xr6.webp HTTP/1.1" 200 43260 "-" "node"
::1 - - [26/Apr/2025:13:58:38 +0000] "GET /uploads/1745675884022-android-chrome-192x192.webp HTTP/1.1" 200 2246 "-" "node"
::1 - - [26/Apr/2025:13:59:46 +0000] "GET /uploads/1745675895606-0_M4bxiCIjcTK-2Xr6.webp HTTP/1.1" 200 43260 "-" "node"
::1 - - [26/Apr/2025:13:59:46 +0000] "GET /uploads/1745675884022-android-chrome-192x192.webp HTTP/1.1" 200 2246 "-" "node"
::1 - - [26/Apr/2025:14:01:22 +0000] "GET /uploads/1745675895606-0_M4bxiCIjcTK-2Xr6.webp HTTP/1.1" 200 43260 "-" "node"
::1 - - [26/Apr/2025:14:04:12 +0000] "POST /upload HTTP/1.1" 200 95 "http://localhost:3000/" "Mozilla/5.0 (Macintosh; Intel Mac OS X 10_15_7) AppleWebKit/537.36 (KHTML, like Gecko) Chrome/135.0.0.0 Safari/537.36"
::1 - - [26/Apr/2025:14:04:12 +0000] "GET /uploads/1745676249754-pablo-heimplatz-ZODcBkEohk8-unsplash.webp HTTP/1.1" 200 2961602 "-" "node"
::1 - - [26/Apr/2025:14:04:15 +0000] "GET /uploads/1745676249754-pablo-heimplatz-ZODcBkEohk8-unsplash.webp HTTP/1.1" 200 2961602 "-" "node"
::1 - - [26/Apr/2025:14:04:40 +0000] "GET /uploads/1745675884022-android-chrome-192x192.webp HTTP/1.1" 200 2246 "-" "node"
::1 - - [26/Apr/2025:14:05:50 +0000] "GET /uploads/1745675884022-android-chrome-192x192.webp HTTP/1.1" 200 2246 "-" "node"
::1 - - [26/Apr/2025:14:05:58 +0000] "GET /uploads/1745676249754-pablo-heimplatz-ZODcBkEohk8-unsplash.webp HTTP/1.1" 200 2961602 "-" "node"
::1 - - [26/Apr/2025:14:08:41 +0000] "GET /uploads/1745675895606-0_M4bxiCIjcTK-2Xr6.webp HTTP/1.1" 200 43260 "-" "node"
::1 - - [26/Apr/2025:14:08:44 +0000] "GET /uploads/1745676249754-pablo-heimplatz-ZODcBkEohk8-unsplash.webp HTTP/1.1" 200 2961602 "-" "node"
::1 - - [26/Apr/2025:14:10:48 +0000] "GET /uploads/1745676249754-pablo-heimplatz-ZODcBkEohk8-unsplash.webp HTTP/1.1" 200 2961602 "-" "node"
::1 - - [26/Apr/2025:14:12:51 +0000] "GET /uploads/1745676249754-pablo-heimplatz-ZODcBkEohk8-unsplash.webp HTTP/1.1" 200 2961602 "-" "node"
::1 - - [26/Apr/2025:14:12:52 +0000] "GET /uploads/1745675884022-android-chrome-192x192.webp HTTP/1.1" 200 2246 "-" "node"
::1 - - [26/Apr/2025:14:13:21 +0000] "GET /uploads/1745675895606-0_M4bxiCIjcTK-2Xr6.webp HTTP/1.1" 200 43260 "-" "node"
::1 - - [26/Apr/2025:17:10:19 +0000] "GET /uploads/1745676249754-pablo-heimplatz-ZODcBkEohk8-unsplash.webp HTTP/1.1" 200 2961602 "-" "node"
::1 - - [26/Apr/2025:17:18:36 +0000] "GET /uploads/1745676249754-pablo-heimplatz-ZODcBkEohk8-unsplash.webp HTTP/1.1" 200 2961602 "-" "node"
::1 - - [26/Apr/2025:17:24:45 +0000] "GET /uploads/1745676249754-pablo-heimplatz-ZODcBkEohk8-unsplash.webp HTTP/1.1" 200 2961602 "-" "node"
::1 - - [26/Apr/2025:17:30:20 +0000] "GET /uploads/1745676249754-pablo-heimplatz-ZODcBkEohk8-unsplash.webp HTTP/1.1" 200 2961602 "-" "node"
::1 - - [26/Apr/2025:17:34:41 +0000] "GET /uploads/1745676249754-pablo-heimplatz-ZODcBkEohk8-unsplash.webp HTTP/1.1" 200 2961602 "-" "node"
::1 - - [30/Jun/2025:06:09:46 +0000] "POST /upload HTTP/1.1" 200 64 "http://localhost:3000/" "Mozilla/5.0 (Macintosh; Intel Mac OS X 10_15_7) AppleWebKit/537.36 (KHTML, like Gecko) Chrome/137.0.0.0 Safari/537.36"
::1 - - [30/Jun/2025:06:09:46 +0000] "GET /uploads/1751263786277-temp1.webp HTTP/1.1" 200 76378 "-" "node"
::1 - - [30/Jun/2025:06:09:50 +0000] "GET /uploads/1745676249754-pablo-heimplatz-ZODcBkEohk8-unsplash.webp HTTP/1.1" 200 2961602 "-" "node"
::1 - - [30/Jun/2025:06:10:17 +0000] "POST /upload HTTP/1.1" 200 64 "http://localhost:3000/" "Mozilla/5.0 (Macintosh; Intel Mac OS X 10_15_7) AppleWebKit/537.36 (KHTML, like Gecko) Chrome/137.0.0.0 Safari/537.36"
::1 - - [30/Jun/2025:06:10:17 +0000] "GET /uploads/1751263817086-temp1.webp HTTP/1.1" 200 76378 "-" "node"
::1 - - [30/Jun/2025:06:10:20 +0000] "GET /uploads/1751263817086-temp1.webp HTTP/1.1" 200 76378 "-" "node"
::1 - - [30/Jun/2025:06:10:28 +0000] "GET /uploads/1745675884022-android-chrome-192x192.webp HTTP/1.1" 200 2246 "-" "node"
::1 - - [30/Jun/2025:06:11:06 +0000] "GET /uploads/1745676249754-pablo-heimplatz-ZODcBkEohk8-unsplash.webp HTTP/1.1" 200 2961602 "-" "node"
::1 - - [30/Jun/2025:06:11:31 +0000] "GET /uploads/1751263817086-temp1.webp HTTP/1.1" 200 76378 "-" "node"
::1 - - [30/Jun/2025:06:11:32 +0000] "GET /uploads/1745675884022-android-chrome-192x192.webp HTTP/1.1" 200 2246 "-" "node"
::1 - - [30/Jun/2025:06:11:57 +0000] "GET /uploads/1745675884022-android-chrome-192x192.webp HTTP/1.1" 200 2246 "-" "node"
::1 - - [30/Jun/2025:06:13:09 +0000] "GET /uploads/1751263817086-temp1.webp HTTP/1.1" 200 76378 "-" "node"
::1 - - [30/Jun/2025:06:13:09 +0000] "GET /uploads/1745676249754-pablo-heimplatz-ZODcBkEohk8-unsplash.webp HTTP/1.1" 200 2961602 "-" "node"
::1 - - [30/Jun/2025:06:13:10 +0000] "GET /uploads/1745675884022-android-chrome-192x192.webp HTTP/1.1" 200 2246 "-" "node"
::1 - - [30/Jun/2025:06:13:28 +0000] "GET /uploads/1745675895606-0_M4bxiCIjcTK-2Xr6.webp HTTP/1.1" 200 43260 "-" "node"
::1 - - [30/Jun/2025:06:14:16 +0000] "GET /uploads/1751263817086-temp1.webp HTTP/1.1" 200 76378 "-" "node"
::1 - - [30/Jun/2025:06:14:16 +0000] "GET /uploads/1745676249754-pablo-heimplatz-ZODcBkEohk8-unsplash.webp HTTP/1.1" 200 2961602 "-" "node"
::1 - - [30/Jun/2025:06:14:26 +0000] "GET /uploads/1745675884022-android-chrome-192x192.webp HTTP/1.1" 200 2246 "-" "node"
::1 - - [30/Jun/2025:06:15:16 +0000] "GET /uploads/1745675884022-android-chrome-192x192.webp HTTP/1.1" 200 2246 "-" "node"
::1 - - [30/Jun/2025:06:16:52 +0000] "GET /uploads/1745675884022-android-chrome-192x192.webp HTTP/1.1" 200 2246 "-" "node"
::1 - - [30/Jun/2025:06:16:53 +0000] "GET /uploads/1745676249754-pablo-heimplatz-ZODcBkEohk8-unsplash.webp HTTP/1.1" 200 2961602 "-" "node"
::1 - - [30/Jun/2025:06:17:04 +0000] "GET /uploads/1745675895606-0_M4bxiCIjcTK-2Xr6.webp HTTP/1.1" 200 43260 "-" "node"
::1 - - [30/Jun/2025:06:17:42 +0000] "GET /uploads/1751263817086-temp1.webp HTTP/1.1" 200 76378 "-" "node"
::1 - - [30/Jun/2025:06:18:14 +0000] "GET /uploads/1745676249754-pablo-heimplatz-ZODcBkEohk8-unsplash.webp HTTP/1.1" 200 2961602 "-" "node"
::1 - - [30/Jun/2025:06:18:48 +0000] "GET /uploads/1751263817086-temp1.webp HTTP/1.1" 200 76378 "-" "node"
::1 - - [30/Jun/2025:06:20:01 +0000] "GET /uploads/1751263817086-temp1.webp HTTP/1.1" 200 76378 "-" "node"
::1 - - [30/Jun/2025:06:20:01 +0000] "GET /uploads/1745676249754-pablo-heimplatz-ZODcBkEohk8-unsplash.webp HTTP/1.1" 200 2961602 "-" "node"
::1 - - [30/Jun/2025:06:21:16 +0000] "GET /uploads/1751263817086-temp1.webp HTTP/1.1" 200 76378 "-" "node"
::1 - - [30/Jun/2025:06:21:16 +0000] "GET /uploads/1745676249754-pablo-heimplatz-ZODcBkEohk8-unsplash.webp HTTP/1.1" 200 2961602 "-" "node"
::1 - - [30/Jun/2025:06:21:45 +0000] "GET /uploads/1745675884022-android-chrome-192x192.webp HTTP/1.1" 200 2246 "http://localhost:3000/" "Mozilla/5.0 (Macintosh; Intel Mac OS X 10_15_7) AppleWebKit/537.36 (KHTML, like Gecko) Chrome/137.0.0.0 Safari/537.36"
::1 - - [30/Jun/2025:06:21:59 +0000] "GET /uploads/1745675884022-android-chrome-192x192.webp HTTP/1.1" 200 2246 "http://localhost:3000/" "Mozilla/5.0 (Macintosh; Intel Mac OS X 10_15_7) AppleWebKit/537.36 (KHTML, like Gecko) Chrome/137.0.0.0 Safari/537.36"
::1 - - [30/Jun/2025:06:22:24 +0000] "POST /upload HTTP/1.1" 200 71 "http://localhost:3000/" "Mozilla/5.0 (Macintosh; Intel Mac OS X 10_15_7) AppleWebKit/537.36 (KHTML, like Gecko) Chrome/137.0.0.0 Safari/537.36"
::1 - - [30/Jun/2025:06:22:24 +0000] "GET /uploads/1751264544722-22CSE055_JAI.webp HTTP/1.1" 200 46006 "-" "node"
::1 - - [30/Jun/2025:06:24:58 +0000] "POST /upload HTTP/1.1" 200 64 "http://localhost:3000/" "Mozilla/5.0 (Macintosh; Intel Mac OS X 10_15_7) AppleWebKit/537.36 (KHTML, like Gecko) Chrome/137.0.0.0 Safari/537.36"
::1 - - [30/Jun/2025:06:24:58 +0000] "GET /uploads/1751264698161-temp1.webp HTTP/1.1" 200 76378 "-" "node"
::1 - - [30/Jun/2025:06:25:48 +0000] "GET /uploads/1745675884022-android-chrome-192x192.webp HTTP/1.1" 200 2246 "http://localhost:3000/" "Mozilla/5.0 (Macintosh; Intel Mac OS X 10_15_7) AppleWebKit/537.36 (KHTML, like Gecko) Chrome/137.0.0.0 Safari/537.36"
::1 - - [30/Jun/2025:06:25:48 +0000] "GET /uploads/1751264698161-temp1.webp HTTP/1.1" 200 76378 "http://localhost:3000/" "Mozilla/5.0 (Macintosh; Intel Mac OS X 10_15_7) AppleWebKit/537.36 (KHTML, like Gecko) Chrome/137.0.0.0 Safari/537.36"
::1 - - [30/Jun/2025:06:25:58 +0000] "GET /uploads/1751263817086-temp1.webp HTTP/1.1" 200 76378 "-" "node"
::1 - - [30/Jun/2025:06:25:58 +0000] "GET /uploads/1745676249754-pablo-heimplatz-ZODcBkEohk8-unsplash.webp HTTP/1.1" 200 2961602 "-" "node"
::1 - - [30/Jun/2025:06:25:59 +0000] "GET /uploads/1745675884022-android-chrome-192x192.webp HTTP/1.1" 200 2246 "-" "node"
::1 - - [30/Jun/2025:06:26:05 +0000] "GET /uploads/1745675884022-android-chrome-192x192.webp HTTP/1.1" 200 2246 "-" "node"
::1 - - [30/Jun/2025:06:26:05 +0000] "GET /uploads/1745675895606-0_M4bxiCIjcTK-2Xr6.webp HTTP/1.1" 200 43260 "-" "node"
::1 - - [30/Jun/2025:06:26:26 +0000] "GET /uploads/1751264698161-temp1.webp HTTP/1.1" 200 76378 "-" "node"
::1 - - [30/Jun/2025:06:26:28 +0000] "GET /uploads/1751264544722-22CSE055_JAI.webp HTTP/1.1" 200 46006 "-" "node"
::1 - - [30/Jun/2025:06:26:28 +0000] "GET /uploads/1751264698161-temp1.webp HTTP/1.1" 200 76378 "-" "node"
::1 - - [30/Jun/2025:06:27:25 +0000] "GET /uploads/1751263817086-temp1.webp HTTP/1.1" 200 76378 "-" "node"
::1 - - [30/Jun/2025:06:27:25 +0000] "GET /uploads/1745676249754-pablo-heimplatz-ZODcBkEohk8-unsplash.webp HTTP/1.1" 200 2961602 "-" "node"
::1 - - [30/Jun/2025:06:27:35 +0000] "GET /uploads/1751264698161-temp1.webp HTTP/1.1" 200 76378 "-" "node"
::1 - - [30/Jun/2025:06:27:37 +0000] "GET /uploads/1751264698161-temp1.webp HTTP/1.1" 200 76378 "-" "node"
::1 - - [30/Jun/2025:06:27:37 +0000] "GET /uploads/1751264544722-22CSE055_JAI.webp HTTP/1.1" 200 46006 "-" "node"
::1 - - [30/Jun/2025:06:27:42 +0000] "GET /uploads/1745675884022-android-chrome-192x192.webp HTTP/1.1" 200 2246 "-" "node"
::1 - - [30/Jun/2025:06:28:45 +0000] "GET /uploads/1751264544722-22CSE055_JAI.webp HTTP/1.1" 200 46006 "-" "node"
::1 - - [30/Jun/2025:06:28:45 +0000] "GET /uploads/1751264698161-temp1.webp HTTP/1.1" 200 76378 "-" "node"
::1 - - [30/Jun/2025:06:29:02 +0000] "GET /uploads/1751263817086-temp1.webp HTTP/1.1" 200 76378 "-" "node"
::1 - - [30/Jun/2025:06:29:02 +0000] "GET /uploads/1745676249754-pablo-heimplatz-ZODcBkEohk8-unsplash.webp HTTP/1.1" 200 2961602 "-" "node"
::1 - - [16/Jul/2025:15:59:35 +0000] "GET /uploads/1751263817086-temp1.webp HTTP/1.1" 200 76378 "-" "node"
::1 - - [16/Jul/2025:15:59:35 +0000] "GET /uploads/1745676249754-pablo-heimplatz-ZODcBkEohk8-unsplash.webp HTTP/1.1" 200 2961602 "-" "node"
::1 - - [16/Jul/2025:16:03:55 +0000] "GET /uploads/1751263817086-temp1.webp HTTP/1.1" 200 76378 "-" "node"
::1 - - [16/Jul/2025:16:03:55 +0000] "GET /uploads/1745676249754-pablo-heimplatz-ZODcBkEohk8-unsplash.webp HTTP/1.1" 200 2961602 "-" "node"
::1 - - [16/Jul/2025:16:03:56 +0000] "GET /uploads/1745675884022-android-chrome-192x192.webp HTTP/1.1" 200 2246 "-" "node"
::1 - - [16/Jul/2025:16:04:07 +0000] "GET /uploads/1751264698161-temp1.webp HTTP/1.1" 200 76378 "-" "node"
::1 - - [16/Jul/2025:16:05:02 +0000] "GET /uploads/1751264544722-22CSE055_JAI.webp HTTP/1.1" 200 46006 "-" "node"
::1 - - [16/Jul/2025:16:05:11 +0000] "GET /uploads/1751263817086-temp1.webp HTTP/1.1" 200 76378 "-" "node"
::1 - - [16/Jul/2025:16:05:11 +0000] "GET /uploads/1745676249754-pablo-heimplatz-ZODcBkEohk8-unsplash.webp HTTP/1.1" 200 2961602 "-" "node"
::1 - - [16/Jul/2025:16:05:12 +0000] "GET /uploads/1745675884022-android-chrome-192x192.webp HTTP/1.1" 200 2246 "-" "node"
::1 - - [16/Jul/2025:16:05:16 +0000] "GET /uploads/1745675895606-0_M4bxiCIjcTK-2Xr6.webp HTTP/1.1" 200 43260 "-" "node"
::1 - - [16/Jul/2025:16:05:16 +0000] "GET /uploads/1745675884022-android-chrome-192x192.webp HTTP/1.1" 200 2246 "-" "node"
::1 - - [16/Jul/2025:16:05:21 +0000] "GET /uploads/1751264698161-temp1.webp HTTP/1.1" 200 76378 "-" "node"
::1 - - [16/Jul/2025:16:06:14 +0000] "GET /uploads/1751263817086-temp1.webp HTTP/1.1" 200 76378 "-" "node"
::1 - - [16/Jul/2025:16:06:14 +0000] "GET /uploads/1745676249754-pablo-heimplatz-ZODcBkEohk8-unsplash.webp HTTP/1.1" 200 2961602 "-" "node"
::1 - - [16/Jul/2025:16:06:17 +0000] "GET /uploads/1745675895606-0_M4bxiCIjcTK-2Xr6.webp HTTP/1.1" 200 43260 "-" "node"
::1 - - [16/Jul/2025:16:07:27 +0000] "GET /uploads/1751263817086-temp1.webp HTTP/1.1" 200 76378 "-" "node"
::1 - - [16/Jul/2025:16:07:27 +0000] "GET /uploads/1745676249754-pablo-heimplatz-ZODcBkEohk8-unsplash.webp HTTP/1.1" 200 2961602 "-" "node"
::1 - - [16/Jul/2025:16:10:47 +0000] "GET /uploads/1751263817086-temp1.webp HTTP/1.1" 200 76378 "-" "node"
::1 - - [16/Jul/2025:16:10:47 +0000] "GET /uploads/1745676249754-pablo-heimplatz-ZODcBkEohk8-unsplash.webp HTTP/1.1" 200 2961602 "-" "node"
::1 - - [16/Jul/2025:16:13:57 +0000] "GET /uploads/1751263817086-temp1.webp HTTP/1.1" 200 76378 "-" "node"
::1 - - [16/Jul/2025:16:13:57 +0000] "GET /uploads/1745676249754-pablo-heimplatz-ZODcBkEohk8-unsplash.webp HTTP/1.1" 200 2961602 "-" "node"
::1 - - [16/Jul/2025:16:14:07 +0000] "GET /uploads/1745676249754-pablo-heimplatz-ZODcBkEohk8-unsplash.webp HTTP/1.1" 200 2961602 "http://localhost:3000/" "Mozilla/5.0 (Macintosh; Intel Mac OS X 10_15_7) AppleWebKit/537.36 (KHTML, like Gecko) Chrome/138.0.0.0 Safari/537.36"
::1 - - [16/Jul/2025:16:14:15 +0000] "GET /uploads/1751263817086-temp1.webp HTTP/1.1" 200 76378 "http://localhost:3000/" "Mozilla/5.0 (Macintosh; Intel Mac OS X 10_15_7) AppleWebKit/537.36 (KHTML, like Gecko) Chrome/138.0.0.0 Safari/537.36"
::1 - - [16/Jul/2025:16:14:34 +0000] "GET /uploads/1745676249754-pablo-heimplatz-ZODcBkEohk8-unsplash.webp HTTP/1.1" 200 2961602 "-" "Mozilla/5.0 (Macintosh; Intel Mac OS X 10_15_7) AppleWebKit/537.36 (KHTML, like Gecko) Chrome/138.0.0.0 Safari/537.36"
::1 - - [16/Jul/2025:16:14:35 +0000] "GET /favicon.ico HTTP/1.1" 404 150 "-" "Mozilla/5.0 (Macintosh; Intel Mac OS X 10_15_7) AppleWebKit/537.36 (KHTML, like Gecko) Chrome/138.0.0.0 Safari/537.36"
::1 - - [16/Jul/2025:16:15:03 +0000] "GET /uploads/1751263817086-temp1.webp HTTP/1.1" 200 76378 "-" "node"
::1 - - [16/Jul/2025:16:15:03 +0000] "GET /uploads/1745676249754-pablo-heimplatz-ZODcBkEohk8-unsplash.webp HTTP/1.1" 200 2961602 "-" "node"
::1 - - [16/Jul/2025:16:16:25 +0000] "GET /uploads/1751263817086-temp1.webp HTTP/1.1" 200 76378 "-" "node"
::1 - - [16/Jul/2025:16:16:25 +0000] "GET /uploads/1745676249754-pablo-heimplatz-ZODcBkEohk8-unsplash.webp HTTP/1.1" 200 2961602 "-" "node"
::1 - - [16/Jul/2025:16:17:27 +0000] "GET /uploads/1751263817086-temp1.webp HTTP/1.1" 200 76378 "-" "node"
::1 - - [16/Jul/2025:16:17:27 +0000] "GET /uploads/1745676249754-pablo-heimplatz-ZODcBkEohk8-unsplash.webp HTTP/1.1" 200 2961602 "-" "node"
::1 - - [16/Jul/2025:16:17:41 +0000] "GET /uploads/1745675895606-0_M4bxiCIjcTK-2Xr6.webp HTTP/1.1" 200 43260 "-" "node"
::1 - - [16/Jul/2025:16:21:54 +0000] "GET /uploads/1751263817086-temp1.webp HTTP/1.1" 200 76378 "-" "node"
::1 - - [16/Jul/2025:16:21:54 +0000] "GET /uploads/1745676249754-pablo-heimplatz-ZODcBkEohk8-unsplash.webp HTTP/1.1" 200 2961602 "-" "node"
::1 - - [16/Jul/2025:16:24:07 +0000] "GET /uploads/1751263817086-temp1.webp HTTP/1.1" 200 76378 "-" "node"
::1 - - [16/Jul/2025:16:24:07 +0000] "GET /uploads/1745676249754-pablo-heimplatz-ZODcBkEohk8-unsplash.webp HTTP/1.1" 200 2961602 "-" "node"
::1 - - [16/Jul/2025:16:29:04 +0000] "GET /uploads/1745675895606-0_M4bxiCIjcTK-2Xr6.webp HTTP/1.1" 200 43260 "-" "node"
::1 - - [16/Jul/2025:16:29:23 +0000] "GET /uploads/1751263817086-temp1.webp HTTP/1.1" 200 76378 "-" "node"
::1 - - [16/Jul/2025:16:29:23 +0000] "GET /uploads/1745676249754-pablo-heimplatz-ZODcBkEohk8-unsplash.webp HTTP/1.1" 200 2961602 "-" "node"
::1 - - [16/Jul/2025:16:30:17 +0000] "GET /uploads/1745675895606-0_M4bxiCIjcTK-2Xr6.webp HTTP/1.1" 200 43260 "-" "node"
::1 - - [16/Jul/2025:16:30:30 +0000] "GET /uploads/1751263817086-temp1.webp HTTP/1.1" 200 76378 "-" "node"
::1 - - [16/Jul/2025:16:30:30 +0000] "GET /uploads/1745676249754-pablo-heimplatz-ZODcBkEohk8-unsplash.webp HTTP/1.1" 200 2961602 "-" "node"
::1 - - [16/Jul/2025:16:35:18 +0000] "GET /uploads/1751263817086-temp1.webp HTTP/1.1" 200 76378 "-" "node"
::1 - - [16/Jul/2025:16:35:18 +0000] "GET /uploads/1745676249754-pablo-heimplatz-ZODcBkEohk8-unsplash.webp HTTP/1.1" 200 2961602 "-" "node"
::1 - - [16/Jul/2025:16:37:16 +0000] "GET /uploads/1745675895606-0_M4bxiCIjcTK-2Xr6.webp HTTP/1.1" 200 43260 "-" "node"
::1 - - [16/Jul/2025:16:37:16 +0000] "GET /uploads/1745675884022-android-chrome-192x192.webp HTTP/1.1" 200 2246 "-" "node"
::1 - - [16/Jul/2025:16:39:24 +0000] "GET /uploads/1751263817086-temp1.webp HTTP/1.1" 200 76378 "-" "node"
::1 - - [16/Jul/2025:16:39:24 +0000] "GET /uploads/1745676249754-pablo-heimplatz-ZODcBkEohk8-unsplash.webp HTTP/1.1" 200 2961602 "-" "node"
::1 - - [16/Jul/2025:16:39:41 +0000] "GET /uploads/1745675884022-android-chrome-192x192.webp HTTP/1.1" 200 2246 "http://localhost:3000/" "Mozilla/5.0 (Macintosh; Intel Mac OS X 10_15_7) AppleWebKit/537.36 (KHTML, like Gecko) Chrome/138.0.0.0 Safari/537.36"
::1 - - [16/Jul/2025:16:39:41 +0000] "GET /uploads/1751264698161-temp1.webp HTTP/1.1" 200 76378 "http://localhost:3000/" "Mozilla/5.0 (Macintosh; Intel Mac OS X 10_15_7) AppleWebKit/537.36 (KHTML, like Gecko) Chrome/138.0.0.0 Safari/537.36"
::1 - - [16/Jul/2025:16:39:52 +0000] "GET /uploads/1745675884022-android-chrome-192x192.webp HTTP/1.1" 200 2246 "-" "node"
::1 - - [16/Jul/2025:16:40:09 +0000] "GET /uploads/1745675895606-0_M4bxiCIjcTK-2Xr6.webp HTTP/1.1" 200 43260 "-" "node"
::1 - - [16/Jul/2025:16:41:19 +0000] "POST /upload HTTP/1.1" 200 78 "http://localhost:3000/" "Mozilla/5.0 (Macintosh; Intel Mac OS X 10_15_7) AppleWebKit/537.36 (KHTML, like Gecko) Chrome/138.0.0.0 Safari/537.36"
::1 - - [16/Jul/2025:16:41:19 +0000] "GET /uploads/1752684079595-01-removebg-preview.webp HTTP/1.1" 200 57794 "-" "node"
::1 - - [16/Jul/2025:16:41:22 +0000] "GET /uploads/1752684079595-01-removebg-preview.webp HTTP/1.1" 200 57794 "-" "node"
::1 - - [16/Jul/2025:16:41:27 +0000] "GET /uploads/1751263817086-temp1.webp HTTP/1.1" 200 76378 "-" "node"
::1 - - [16/Jul/2025:16:41:27 +0000] "GET /uploads/1745676249754-pablo-heimplatz-ZODcBkEohk8-unsplash.webp HTTP/1.1" 200 2961602 "-" "node"
::1 - - [16/Jul/2025:16:45:08 +0000] "GET /uploads/1745675884022-android-chrome-192x192.webp HTTP/1.1" 200 2246 "-" "node"
::1 - - [16/Jul/2025:16:45:16 +0000] "GET /uploads/1751264698161-temp1.webp HTTP/1.1" 200 76378 "-" "node"
::1 - - [16/Jul/2025:16:46:46 +0000] "GET /uploads/1745675884022-android-chrome-192x192.webp HTTP/1.1" 200 2246 "-" "node"
::1 - - [16/Jul/2025:16:46:49 +0000] "GET /uploads/1752684079595-01-removebg-preview.webp HTTP/1.1" 200 57794 "-" "node"
::1 - - [16/Jul/2025:16:46:49 +0000] "GET /uploads/1751263817086-temp1.webp HTTP/1.1" 200 76378 "-" "node"
::1 - - [16/Jul/2025:16:46:49 +0000] "GET /uploads/1745676249754-pablo-heimplatz-ZODcBkEohk8-unsplash.webp HTTP/1.1" 200 2961602 "-" "node"
::1 - - [16/Jul/2025:16:48:45 +0000] "GET /uploads/1745675884022-android-chrome-192x192.webp HTTP/1.1" 200 2246 "-" "node"
::1 - - [16/Jul/2025:16:50:37 +0000] "GET /uploads/1745675884022-android-chrome-192x192.webp HTTP/1.1" 200 2246 "-" "node"
::1 - - [16/Jul/2025:16:50:42 +0000] "GET /uploads/1751264698161-temp1.webp HTTP/1.1" 200 76378 "-" "node"
::1 - - [16/Jul/2025:16:51:38 +0000] "GET /uploads/1752684079595-01-removebg-preview.webp HTTP/1.1" 200 57794 "-" "node"
::1 - - [16/Jul/2025:16:51:38 +0000] "GET /uploads/1751263817086-temp1.webp HTTP/1.1" 200 76378 "-" "node"
::1 - - [16/Jul/2025:16:51:38 +0000] "GET /uploads/1745676249754-pablo-heimplatz-ZODcBkEohk8-unsplash.webp HTTP/1.1" 200 2961602 "-" "node"
::1 - - [16/Jul/2025:16:52:04 +0000] "GET /uploads/1745675884022-android-chrome-192x192.webp HTTP/1.1" 200 2246 "-" "node"
::1 - - [16/Jul/2025:16:52:12 +0000] "GET /uploads/1751264698161-temp1.webp HTTP/1.1" 200 76378 "-" "node"
::1 - - [16/Jul/2025:16:52:22 +0000] "GET /uploads/1745675884022-android-chrome-192x192.webp HTTP/1.1" 200 2246 "-" "node"
::1 - - [17/Jul/2025:05:21:53 +0000] "GET /uploads/1752684079595-01-removebg-preview.webp HTTP/1.1" 200 57794 "-" "node"
::1 - - [17/Jul/2025:05:21:53 +0000] "GET /uploads/1751263817086-temp1.webp HTTP/1.1" 200 76378 "-" "node"
::1 - - [17/Jul/2025:05:21:53 +0000] "GET /uploads/1745676249754-pablo-heimplatz-ZODcBkEohk8-unsplash.webp HTTP/1.1" 200 2961602 "-" "node"
::1 - - [17/Jul/2025:05:22:05 +0000] "GET /uploads/1745675884022-android-chrome-192x192.webp HTTP/1.1" 200 2246 "-" "node"
::1 - - [17/Jul/2025:05:27:00 +0000] "GET /uploads/1752684079595-01-removebg-preview.webp HTTP/1.1" 200 57794 "-" "node"
::1 - - [17/Jul/2025:05:27:00 +0000] "GET /uploads/1751263817086-temp1.webp HTTP/1.1" 200 76378 "-" "node"
::1 - - [17/Jul/2025:05:27:00 +0000] "GET /uploads/1745676249754-pablo-heimplatz-ZODcBkEohk8-unsplash.webp HTTP/1.1" 200 2961602 "-" "node"
::1 - - [17/Jul/2025:05:27:08 +0000] "GET /uploads/1745675884022-android-chrome-192x192.webp HTTP/1.1" 200 2246 "-" "node"
::1 - - [17/Jul/2025:05:27:17 +0000] "GET /uploads/1751264698161-temp1.webp HTTP/1.1" 200 76378 "-" "node"
::1 - - [17/Jul/2025:05:27:44 +0000] "GET /uploads/1745675884022-android-chrome-192x192.webp HTTP/1.1" 200 2246 "-" "node"
::1 - - [17/Jul/2025:05:28:00 +0000] "GET /uploads/1752684079595-01-removebg-preview.webp HTTP/1.1" 200 57794 "-" "node"
::1 - - [17/Jul/2025:05:28:00 +0000] "GET /uploads/1751263817086-temp1.webp HTTP/1.1" 200 76378 "-" "node"
::1 - - [17/Jul/2025:05:28:00 +0000] "GET /uploads/1745676249754-pablo-heimplatz-ZODcBkEohk8-unsplash.webp HTTP/1.1" 200 2961602 "-" "node"
::1 - - [17/Jul/2025:05:47:44 +0000] "GET /uploads/1745675884022-android-chrome-192x192.webp HTTP/1.1" 200 2246 "-" "node"
::1 - - [17/Jul/2025:05:47:45 +0000] "GET /uploads/1751264698161-temp1.webp HTTP/1.1" 200 76378 "-" "node"
::1 - - [17/Jul/2025:05:48:51 +0000] "GET /uploads/1751264698161-temp1.webp HTTP/1.1" 200 76378 "-" "node"
::1 - - [17/Jul/2025:05:48:57 +0000] "GET /uploads/1745675884022-android-chrome-192x192.webp HTTP/1.1" 200 2246 "-" "node"
::1 - - [17/Jul/2025:05:49:01 +0000] "GET /uploads/1745675884022-android-chrome-192x192.webp HTTP/1.1" 200 2246 "-" "node"
::1 - - [17/Jul/2025:05:49:01 +0000] "GET /uploads/1745675895606-0_M4bxiCIjcTK-2Xr6.webp HTTP/1.1" 200 43260 "-" "node"
::1 - - [17/Jul/2025:05:51:42 +0000] "GET /uploads/1752684079595-01-removebg-preview.webp HTTP/1.1" 200 57794 "-" "node"
::1 - - [17/Jul/2025:05:51:42 +0000] "GET /uploads/1751263817086-temp1.webp HTTP/1.1" 200 76378 "-" "node"
::1 - - [17/Jul/2025:05:51:42 +0000] "GET /uploads/1745676249754-pablo-heimplatz-ZODcBkEohk8-unsplash.webp HTTP/1.1" 200 2961602 "-" "node"
::1 - - [17/Jul/2025:05:52:19 +0000] "GET /uploads/1745675884022-android-chrome-192x192.webp HTTP/1.1" 200 2246 "-" "node"
::1 - - [17/Jul/2025:05:52:44 +0000] "GET /uploads/1752684079595-01-removebg-preview.webp HTTP/1.1" 200 57794 "-" "node"
::1 - - [17/Jul/2025:05:53:00 +0000] "GET /uploads/1751263817086-temp1.webp HTTP/1.1" 200 76378 "-" "node"
::1 - - [17/Jul/2025:05:53:00 +0000] "GET /uploads/1745676249754-pablo-heimplatz-ZODcBkEohk8-unsplash.webp HTTP/1.1" 200 2961602 "-" "node"
::1 - - [17/Jul/2025:05:53:10 +0000] "GET /uploads/1745675884022-android-chrome-192x192.webp HTTP/1.1" 200 2246 "-" "node"
::1 - - [17/Jul/2025:05:54:32 +0000] "GET /uploads/1745675895606-0_M4bxiCIjcTK-2Xr6.webp HTTP/1.1" 200 43260 "-" "node"
::1 - - [17/Jul/2025:05:54:32 +0000] "GET /uploads/1745675884022-android-chrome-192x192.webp HTTP/1.1" 200 2246 "-" "node"
::1 - - [17/Jul/2025:05:54:52 +0000] "GET /uploads/1752684079595-01-removebg-preview.webp HTTP/1.1" 200 57794 "-" "node"
::1 - - [17/Jul/2025:05:54:52 +0000] "GET /uploads/1751263817086-temp1.webp HTTP/1.1" 200 76378 "-" "node"
::1 - - [17/Jul/2025:05:54:52 +0000] "GET /uploads/1745676249754-pablo-heimplatz-ZODcBkEohk8-unsplash.webp HTTP/1.1" 200 2961602 "-" "node"
::1 - - [17/Jul/2025:05:56:12 +0000] "GET /uploads/1752684079595-01-removebg-preview.webp HTTP/1.1" 200 57794 "-" "node"
::1 - - [17/Jul/2025:05:56:12 +0000] "GET /uploads/1751263817086-temp1.webp HTTP/1.1" 200 76378 "-" "node"
::1 - - [17/Jul/2025:05:56:12 +0000] "GET /uploads/1745676249754-pablo-heimplatz-ZODcBkEohk8-unsplash.webp HTTP/1.1" 200 2961602 "-" "node"
::1 - - [17/Jul/2025:05:58:24 +0000] "GET /uploads/1745675884022-android-chrome-192x192.webp HTTP/1.1" 200 2246 "-" "node"
::1 - - [17/Jul/2025:05:58:24 +0000] "GET /uploads/1745675895606-0_M4bxiCIjcTK-2Xr6.webp HTTP/1.1" 200 43260 "-" "node"
::1 - - [17/Jul/2025:05:58:40 +0000] "GET /uploads/1745675884022-android-chrome-192x192.webp HTTP/1.1" 200 2246 "http://localhost:3000/" "Mozilla/5.0 (Macintosh; Intel Mac OS X 10_15_7) AppleWebKit/537.36 (KHTML, like Gecko) Chrome/138.0.0.0 Safari/537.36"
::1 - - [17/Jul/2025:05:58:40 +0000] "GET /uploads/1751264698161-temp1.webp HTTP/1.1" 200 76378 "http://localhost:3000/" "Mozilla/5.0 (Macintosh; Intel Mac OS X 10_15_7) AppleWebKit/537.36 (KHTML, like Gecko) Chrome/138.0.0.0 Safari/537.36"
::1 - - [17/Jul/2025:05:59:48 +0000] "GET /uploads/1752684079595-01-removebg-preview.webp HTTP/1.1" 200 57794 "-" "node"
::1 - - [17/Jul/2025:05:59:48 +0000] "GET /uploads/1751263817086-temp1.webp HTTP/1.1" 200 76378 "-" "node"
::1 - - [17/Jul/2025:05:59:48 +0000] "GET /uploads/1745676249754-pablo-heimplatz-ZODcBkEohk8-unsplash.webp HTTP/1.1" 200 2961602 "-" "node"
::1 - - [17/Jul/2025:08:56:22 +0000] "GET /uploads/1745675884022-android-chrome-192x192.webp HTTP/1.1" 200 2246 "-" "node"
